<?xml version="1.0" encoding="UTF-8"?>
<!-- Generated by org.testng.reporters.JUnitXMLReporter -->
<testsuite ignored="0" hostname="CU0763" failures="0" tests="3" name="Default test" time="141.303" errors="0" timestamp="2024-08-13T17:34:39 IST">
  <testcase classname="com.emp.qa.testcases.JobDetailsPageTest" name="clickOnMenuTest" time="23.197"/>
  <testcase classname="com.emp.qa.testcases.JobDetailsPageTest" name="clickOnMenuTest" time="23.142"/>
  <testcase classname="com.emp.qa.testcases.JobDetailsPageTest" name="clickOnMenuTest" time="23.132"/>
</testsuite> <!-- Default test -->
