<?xml version="1.0" encoding="UTF-8"?>
<!-- Generated by org.testng.reporters.JUnitXMLReporter -->
<testsuite ignored="0" hostname="CU0763" failures="0" tests="6" name="Test" time="234.461" errors="0" timestamp="2024-08-13T10:10:09 IST">
  <testcase classname="com.emp.qa.testcases.JobDetailsPageTest" name="clickOnPostMenuTest" time="3.263"/>
  <testcase classname="com.emp.qa.testcases.JobDetailsPageTest" name="clickOnSubjectMenuTest" time="7.566"/>
  <testcase classname="com.emp.qa.testcases.JobDetailsPageTest" name="clickOnCampusMenuTest" time="4.263"/>
  <testcase classname="com.emp.qa.testcases.JobDetailsPageTest" name="SaveJobDetailsTest" time="17.903"/>
  <testcase classname="com.emp.qa.testcases.LoginPageTest" name="signinTest" time="2.191"/>
  <testcase classname="com.emp.qa.testcases.LoginPageTest" name="loginTest" time="3.963"/>
</testsuite> <!-- Test -->
