<?xml version="1.0" encoding="UTF-8"?>
<testng-results ignored="0" total="3" passed="3" failed="0" skipped="0">
  <reporter-output>
  </reporter-output>
  <suite started-at="2024-08-13T16:57:43 IST" name="Default suite" finished-at="2024-08-13T17:00:19 IST" duration-ms="155930">
    <groups>
    </groups>
    <test started-at="2024-08-13T16:57:43 IST" name="Default test" finished-at="2024-08-13T17:00:19 IST" duration-ms="155930">
      <class name="com.emp.qa.testcases.JobDetailsPageTest">
        <test-method is-config="true" signature="setUp()[pri:0, instance:com.emp.qa.testcases.JobDetailsPageTest@5b218417]" started-at="2024-08-13T16:57:44 IST" name="setUp" finished-at="2024-08-13T16:58:17 IST" duration-ms="32824" status="PASS">
          <reporter-output>
          </reporter-output>
        </test-method> <!-- setUp -->
        <test-method signature="clickOnPostMenuTest(java.lang.String)[pri:1, instance:com.emp.qa.testcases.JobDetailsPageTest@5b218417]" started-at="2024-08-13T16:58:17 IST" name="clickOnPostMenuTest" data-provider="getCareersTestData" finished-at="2024-08-13T16:58:41 IST" duration-ms="23953" status="PASS">
          <params>
            <param index="0">
              <value>
                <![CDATA[react-select-2-option-2]]>
              </value>
            </param>
          </params>
          <reporter-output>
          </reporter-output>
        </test-method> <!-- clickOnPostMenuTest -->
        <test-method is-config="true" signature="tearDown()[pri:0, instance:com.emp.qa.testcases.JobDetailsPageTest@5b218417]" started-at="2024-08-13T16:58:41 IST" name="tearDown" finished-at="2024-08-13T16:58:41 IST" duration-ms="399" status="PASS">
          <reporter-output>
          </reporter-output>
        </test-method> <!-- tearDown -->
        <test-method is-config="true" signature="setUp()[pri:0, instance:com.emp.qa.testcases.JobDetailsPageTest@5b218417]" started-at="2024-08-13T16:58:41 IST" name="setUp" finished-at="2024-08-13T16:59:07 IST" duration-ms="25299" status="PASS">
          <reporter-output>
          </reporter-output>
        </test-method> <!-- setUp -->
        <test-method signature="clickOnPostMenuTest(java.lang.String)[pri:1, instance:com.emp.qa.testcases.JobDetailsPageTest@5b218417]" started-at="2024-08-13T16:59:07 IST" name="clickOnPostMenuTest" data-provider="getCareersTestData" finished-at="2024-08-13T16:59:30 IST" duration-ms="23850" status="PASS">
          <params>
            <param index="0">
              <value>
                <![CDATA[react-select-2-option-0]]>
              </value>
            </param>
          </params>
          <reporter-output>
          </reporter-output>
        </test-method> <!-- clickOnPostMenuTest -->
        <test-method is-config="true" signature="tearDown()[pri:0, instance:com.emp.qa.testcases.JobDetailsPageTest@5b218417]" started-at="2024-08-13T16:59:30 IST" name="tearDown" finished-at="2024-08-13T16:59:31 IST" duration-ms="407" status="PASS">
          <reporter-output>
          </reporter-output>
        </test-method> <!-- tearDown -->
        <test-method is-config="true" signature="setUp()[pri:0, instance:com.emp.qa.testcases.JobDetailsPageTest@5b218417]" started-at="2024-08-13T16:59:31 IST" name="setUp" finished-at="2024-08-13T16:59:55 IST" duration-ms="24140" status="PASS">
          <reporter-output>
          </reporter-output>
        </test-method> <!-- setUp -->
        <test-method signature="clickOnPostMenuTest(java.lang.String)[pri:1, instance:com.emp.qa.testcases.JobDetailsPageTest@5b218417]" started-at="2024-08-13T16:59:55 IST" name="clickOnPostMenuTest" data-provider="getCareersTestData" finished-at="2024-08-13T17:00:19 IST" duration-ms="23833" status="PASS">
          <params>
            <param index="0">
              <value>
                <![CDATA[react-select-2-option-1]]>
              </value>
            </param>
          </params>
          <reporter-output>
          </reporter-output>
        </test-method> <!-- clickOnPostMenuTest -->
        <test-method is-config="true" signature="tearDown()[pri:0, instance:com.emp.qa.testcases.JobDetailsPageTest@5b218417]" started-at="2024-08-13T17:00:19 IST" name="tearDown" finished-at="2024-08-13T17:00:19 IST" duration-ms="452" status="PASS">
          <reporter-output>
          </reporter-output>
        </test-method> <!-- tearDown -->
      </class> <!-- com.emp.qa.testcases.JobDetailsPageTest -->
    </test> <!-- Default test -->
  </suite> <!-- Default suite -->
</testng-results>
